Determining if the function pthread_create exists in the pthreads failed with the following output:
Change Dir: /root/ros/geometry/tf/build/CMakeFiles/CMakeTmp

Run Build Command:/usr/bin/make "cmTryCompileExec/fast"
make[1]: Entering directory `/root/ros/geometry/tf/build/CMakeFiles/CMakeTmp'
/usr/bin/make -f CMakeFiles/cmTryCompileExec.dir/build.make CMakeFiles/cmTryCompileExec.dir/build
make[2]: Entering directory `/root/ros/geometry/tf/build/CMakeFiles/CMakeTmp'
/usr/bin/cmake -E cmake_progress_report /root/ros/geometry/tf/build/CMakeFiles/CMakeTmp/CMakeFiles 1
Building C object CMakeFiles/cmTryCompileExec.dir/CheckFunctionExists.c.o
/usr/bin/gcc   -DCHECK_FUNCTION_EXISTS=pthread_create   -o CMakeFiles/cmTryCompileExec.dir/CheckFunctionExists.c.o   -c /usr/share/cmake-2.8/Modules/CheckFunctionExists.c
Linking C executable cmTryCompileExec
/usr/bin/cmake -E cmake_link_script CMakeFiles/cmTryCompileExec.dir/link.txt --verbose=1
/usr/bin/gcc     -DCHECK_FUNCTION_EXISTS=pthread_create    CMakeFiles/cmTryCompileExec.dir/CheckFunctionExists.c.o  -o cmTryCompileExec -rdynamic -lpthreads 
/usr/bin/ld: cannot find -lpthreads
collect2: ld returned 1 exit status
make[2]: Leaving directory `/root/ros/geometry/tf/build/CMakeFiles/CMakeTmp'
make[1]: Leaving directory `/root/ros/geometry/tf/build/CMakeFiles/CMakeTmp'
make[2]: *** [cmTryCompileExec] Error 1
make[1]: *** [cmTryCompileExec/fast] Error 2


Performing C++ SOURCE FILE Test HAS_SSE3_EXTENSIONS failed with the following output:
Change Dir: /root/ros/geometry/tf/build/CMakeFiles/CMakeTmp

Run Build Command:/usr/bin/make "cmTryCompileExec/fast"
make[1]: Entering directory `/root/ros/geometry/tf/build/CMakeFiles/CMakeTmp'
/usr/bin/make -f CMakeFiles/cmTryCompileExec.dir/build.make CMakeFiles/cmTryCompileExec.dir/build
make[2]: Entering directory `/root/ros/geometry/tf/build/CMakeFiles/CMakeTmp'
/usr/bin/cmake -E cmake_progress_report /root/ros/geometry/tf/build/CMakeFiles/CMakeTmp/CMakeFiles 1
Building CXX object CMakeFiles/cmTryCompileExec.dir/src.cxx.o
/usr/bin/c++    -DHAS_SSE3_EXTENSIONS -msse3   -o CMakeFiles/cmTryCompileExec.dir/src.cxx.o -c /root/ros/geometry/tf/build/CMakeFiles/CMakeTmp/src.cxx
cc1plus: error: unrecognized command line option ‘-msse3’
make[2]: Leaving directory `/root/ros/geometry/tf/build/CMakeFiles/CMakeTmp'
make[2]: *** [CMakeFiles/cmTryCompileExec.dir/src.cxx.o] Error 1
make[1]: Leaving directory `/root/ros/geometry/tf/build/CMakeFiles/CMakeTmp'
make[1]: *** [cmTryCompileExec/fast] Error 2

Return value: 1
Source file was:

    #include <pmmintrin.h>

    int main()
    {
       __m128d a, b;
       double vals[2] = {0};
       a = _mm_loadu_pd(vals);
       b = _mm_hadd_pd(a,a);
       _mm_storeu_pd(vals, b);
       return 0;
    }
Performing C++ SOURCE FILE Test HAS_SSE2_EXTENSIONS failed with the following output:
Change Dir: /root/ros/geometry/tf/build/CMakeFiles/CMakeTmp

Run Build Command:/usr/bin/make "cmTryCompileExec/fast"
make[1]: Entering directory `/root/ros/geometry/tf/build/CMakeFiles/CMakeTmp'
/usr/bin/make -f CMakeFiles/cmTryCompileExec.dir/build.make CMakeFiles/cmTryCompileExec.dir/build
make[2]: Entering directory `/root/ros/geometry/tf/build/CMakeFiles/CMakeTmp'
/usr/bin/cmake -E cmake_progress_report /root/ros/geometry/tf/build/CMakeFiles/CMakeTmp/CMakeFiles 1
Building CXX object CMakeFiles/cmTryCompileExec.dir/src.cxx.o
/usr/bin/c++    -DHAS_SSE2_EXTENSIONS -msse2   -o CMakeFiles/cmTryCompileExec.dir/src.cxx.o -c /root/ros/geometry/tf/build/CMakeFiles/CMakeTmp/src.cxx
cc1plus: error: unrecognized command line option ‘-msse2’
make[2]: Leaving directory `/root/ros/geometry/tf/build/CMakeFiles/CMakeTmp'
make[2]: *** [CMakeFiles/cmTryCompileExec.dir/src.cxx.o] Error 1
make[1]: Leaving directory `/root/ros/geometry/tf/build/CMakeFiles/CMakeTmp'
make[1]: *** [cmTryCompileExec/fast] Error 2

Return value: 1
Source file was:

    #include <emmintrin.h>

    int main()
    {
        __m128d a, b;
        double vals[2] = {0};
        a = _mm_loadu_pd(vals);
        b = _mm_add_pd(a,a);
        _mm_storeu_pd(vals,b);
        return 0;
     }
Performing C++ SOURCE FILE Test HAS_SSE_EXTENSIONS failed with the following output:
Change Dir: /root/ros/geometry/tf/build/CMakeFiles/CMakeTmp

Run Build Command:/usr/bin/make "cmTryCompileExec/fast"
make[1]: Entering directory `/root/ros/geometry/tf/build/CMakeFiles/CMakeTmp'
/usr/bin/make -f CMakeFiles/cmTryCompileExec.dir/build.make CMakeFiles/cmTryCompileExec.dir/build
make[2]: Entering directory `/root/ros/geometry/tf/build/CMakeFiles/CMakeTmp'
/usr/bin/cmake -E cmake_progress_report /root/ros/geometry/tf/build/CMakeFiles/CMakeTmp/CMakeFiles 1
Building CXX object CMakeFiles/cmTryCompileExec.dir/src.cxx.o
/usr/bin/c++    -DHAS_SSE_EXTENSIONS -msse   -o CMakeFiles/cmTryCompileExec.dir/src.cxx.o -c /root/ros/geometry/tf/build/CMakeFiles/CMakeTmp/src.cxx
cc1plus: error: unrecognized command line option ‘-msse’
make[2]: Leaving directory `/root/ros/geometry/tf/build/CMakeFiles/CMakeTmp'
make[2]: *** [CMakeFiles/cmTryCompileExec.dir/src.cxx.o] Error 1
make[1]: Leaving directory `/root/ros/geometry/tf/build/CMakeFiles/CMakeTmp'
make[1]: *** [cmTryCompileExec/fast] Error 2

Return value: 1
Source file was:

    #include <xmmintrin.h>
    int main()
    {
        __m128 a, b;
        float vals[4] = {0};
        a = _mm_loadu_ps(vals);
        b = a;
        b = _mm_add_ps(a,b);
        _mm_storeu_ps(vals,b);
        return 0;
    }
